
   INFO  Server running on [http://127.0.0.1:8000].  

  Press Ctrl+C to stop the server

  2026-04-03 10:26:56 / ........................................................................................ ~ 1s
  2026-04-03 10:27:45 /api/plots ............................................................................... ~ 1s
  2026-04-03 10:27:45 /api/inventory ........................................................................... ~ 1s
  2026-04-03 10:27:45 /api/me .................................................................................. ~ 1s
  2026-04-03 10:27:47 /api/plots ......................................................................... ~ 507.67ms
  2026-04-03 10:27:47 /api/inventory ........................................................................... ~ 1s
  2026-04-03 10:27:47 /api/me ............................................................................ ~ 505.04ms
  2026-04-03 10:27:56 /api/community ........................................................................... ~ 2s
  2026-04-03 10:27:58 /api/community ..................................................................... ~ 507.83ms
  2026-04-03 10:28:03 /api/login ......................................................................... ~ 508.75ms
  2026-04-03 10:28:40 /api/register ............................................................................ ~ 1s
  2026-04-03 10:28:41 /api/me ............................................................................ ~ 495.66ms
  2026-04-03 10:28:41 /api/plots ......................................................................... ~ 507.69ms
  2026-04-03 10:28:41 /api/inventory ..................................................................... ~ 511.49ms
  2026-04-03 10:28:42 /api/plots ......................................................................... ~ 503.98ms
  2026-04-03 10:28:42 /api/inventory ..................................................................... ~ 501.17ms
  2026-04-03 10:28:48 /api/inventory ....................................................................... ~ 1.52ms
  2026-04-03 10:28:48 /api/inventory ..................................................................... ~ 511.55ms
  2026-04-03 10:28:52 /api/plots ......................................................................... ~ 511.38ms
  2026-04-03 10:28:53 /api/inventory ..................................................................... ~ 507.02ms
  2026-04-03 10:28:53 /api/plots ......................................................................... ~ 498.98ms
  2026-04-03 10:28:54 /api/inventory ....................................................................... ~ 0.38ms
  2026-04-03 10:28:55 /api/plots ......................................................................... ~ 516.37ms
  2026-04-03 10:28:56 /api/plots ......................................................................... ~ 503.94ms
  2026-04-03 10:29:21 /api/plots ......................................................................... ~ 505.41ms
  2026-04-03 10:29:25 /api/plots ......................................................................... ~ 515.13ms
  2026-04-03 10:29:25 /api/plots ......................................................................... ~ 520.59ms
  2026-04-03 10:29:25 /api/plots/1 ....................................................................... ~ 506.80ms
  2026-04-03 10:29:25 /api/plots/1/plant-zones ................................................................. ~ 1s
  2026-04-03 10:29:26 /api/plots/1/plants ...................................................................... ~ 1s
  2026-04-03 10:29:26 /api/plots/1/rotations ................................................................... ~ 1s
  2026-04-03 10:29:27 /api/plots/1/access ................................................................ ~ 517.45ms
  2026-04-03 10:29:27 /api/plots/1 ....................................................................... ~ 509.43ms
  2026-04-03 10:29:28 /api/plots/1/plant-zones ................................................................. ~ 1s
  2026-04-03 10:29:28 /api/plots/1/plants ...................................................................... ~ 1s
  2026-04-03 10:29:29 /api/plots/1/rotations ............................................................. ~ 509.39ms
  2026-04-03 10:29:29 /api/plots/1/access ................................................................ ~ 511.79ms
  2026-04-03 10:29:43 /api/plots/1/plant-zones ........................................................... ~ 512.51ms
  2026-04-03 10:29:46 /api/plots/1/plant-zones/1 ......................................................... ~ 516.15ms
  2026-04-03 10:29:50 /api/plots/1/plant-zones/1 ......................................................... ~ 504.83ms
  2026-04-03 10:29:59 /api/plots/1/plant-zones ........................................................... ~ 506.58ms
  2026-04-03 10:30:04 /api/plots/1/plant-zones/2 ......................................................... ~ 514.33ms
  2026-04-03 10:30:09 /api/plots/1/plant-zones/1 ......................................................... ~ 522.81ms
  2026-04-03 10:30:09 /api/plots/1 ....................................................................... ~ 509.72ms
  2026-04-03 10:30:09 /api/plots/1/plant-zones/2 ......................................................... ~ 513.88ms
  2026-04-03 10:30:30 /api/plots ............................................................................... ~ 1s
  2026-04-03 10:30:31 /api/inventory ....................................................................... ~ 0.34ms
  2026-04-03 10:30:31 /api/plots ......................................................................... ~ 512.93ms
  2026-04-03 10:30:31 /api/inventory ..................................................................... ~ 509.30ms
  2026-04-03 10:30:34 /api/plots ......................................................................... ~ 513.25ms
  2026-04-03 10:30:35 /api/plots ......................................................................... ~ 510.36ms
  2026-04-03 10:30:35 /api/plots/1 ....................................................................... ~ 495.33ms
  2026-04-03 10:30:35 /api/plots/1/plant-zones ........................................................... ~ 500.58ms
  2026-04-03 10:30:35 /api/plots/1/plants ................................................................ ~ 510.51ms
  2026-04-03 10:30:36 /api/plots/1/rotations ................................................................... ~ 1s
  2026-04-03 10:30:36 /api/plots/1/access ...................................................................... ~ 1s
  2026-04-03 10:30:37 /api/plots/1 ............................................................................. ~ 1s
  2026-04-03 10:30:37 /api/plots/1/plant-zones ........................................................... ~ 502.47ms
  2026-04-03 10:30:37 /api/plots/1/plants ................................................................ ~ 517.02ms
  2026-04-03 10:30:38 /api/plots/1/rotations ................................................................... ~ 1s
  2026-04-03 10:30:38 /api/plots/1/access ................................................................ ~ 513.65ms
  2026-04-03 10:30:45 /api/plots/1/analytics ............................................................. ~ 500.61ms
  2026-04-03 10:30:46 /api/plots/1/analytics ............................................................. ~ 519.59ms
  2026-04-03 10:30:50 /api/plots ......................................................................... ~ 509.08ms
  2026-04-03 10:30:51 /api/plots ......................................................................... ~ 513.78ms
  2026-04-03 10:30:51 /api/plots/1 ......................................................................... ~ 0.35ms
  2026-04-03 10:30:51 /api/plots/1/plant-zones ................................................................. ~ 1s
  2026-04-03 10:30:52 /api/plots/1/plants ...................................................................... ~ 1s
  2026-04-03 10:30:52 /api/plots/1/rotations ............................................................. ~ 518.86ms
  2026-04-03 10:30:52 /api/plots/1/access ...................................................................... ~ 1s
  2026-04-03 10:30:53 /api/plots/1 ............................................................................. ~ 1s
  2026-04-03 10:30:53 /api/plots/1/plant-zones ........................................................... ~ 503.61ms
  2026-04-03 10:30:54 /api/plots/1/plants ................................................................ ~ 518.08ms
  2026-04-03 10:30:54 /api/plots/1/rotations ................................................................... ~ 1s
  2026-04-03 10:30:54 /api/plots/1/access ...................................................................... ~ 1s
  2026-04-03 10:31:04 /api/plots ......................................................................... ~ 510.79ms
  2026-04-03 10:31:05 /api/plots ......................................................................... ~ 501.95ms
  2026-04-03 10:31:05 /api/plots/1 ......................................................................... ~ 0.43ms
  2026-04-03 10:31:05 /api/plots/1/calendars ............................................................. ~ 506.65ms
  2026-04-03 10:31:06 /api/plots/1 ....................................................................... ~ 511.00ms
  2026-04-03 10:31:06 /api/plots/1/calendars ................................................................... ~ 1s
  2026-04-03 10:31:13 /api/plots/1/calendars ............................................................... ~ 0.71ms
  2026-04-03 10:31:19 /api/plots ......................................................................... ~ 503.28ms
  2026-04-03 10:31:19 /api/plots ......................................................................... ~ 502.81ms
  2026-04-03 10:31:23 /api/plots ......................................................................... ~ 501.78ms
  2026-04-03 10:31:23 /api/plots ......................................................................... ~ 510.74ms
  2026-04-03 10:31:24 /api/plots/1 ....................................................................... ~ 515.61ms
  2026-04-03 10:31:24 /api/plots/1/plant-zones ................................................................. ~ 1s
  2026-04-03 10:31:24 /api/plots/1/plants ...................................................................... ~ 1s
  2026-04-03 10:31:25 /api/plots/1/rotations ............................................................. ~ 501.19ms
  2026-04-03 10:31:25 /api/plots/1/access ................................................................ ~ 496.20ms
  2026-04-03 10:31:26 /api/plots/1 ............................................................................. ~ 1s
  2026-04-03 10:31:26 /api/plots/1/plant-zones ................................................................. ~ 1s
  2026-04-03 10:31:26 /api/plots/1/plants ................................................................ ~ 508.47ms
  2026-04-03 10:31:27 /api/plots/1/rotations ............................................................. ~ 516.92ms
  2026-04-03 10:31:27 /api/plots/1/access ...................................................................... ~ 1s
  2026-04-03 10:31:38 /api/plants/search ....................................................................... ~ 2s
  2026-04-03 10:32:04 /api/plots/1/plants ................................................................ ~ 501.38ms
  2026-04-03 10:32:18 /api/plots/1/plants ................................................................ ~ 519.01ms
  2026-04-03 10:32:25 /api/plots/1/plants ................................................................ ~ 503.81ms
  2026-04-03 10:32:32 /api/plots/1/plants .................................................................. ~ 0.77ms
  2026-04-03 10:32:37 /api/plots/1/plants ................................................................ ~ 508.81ms
  2026-04-03 10:32:41 /api/plots/1/plants ...................................................................... ~ 3s
  2026-04-03 10:32:45 /api/plants/search ................................................................. ~ 513.43ms
  2026-04-03 10:33:32 /api/plants/search ....................................................................... ~ 4s
  2026-04-03 10:33:36 /api/plants/search ....................................................................... ~ 3s
  2026-04-03 10:33:36 /api/plants/search ....................................................................... ~ 5s
  2026-04-03 10:33:40 /api/plants/search ....................................................................... ~ 3s
  2026-04-03 10:33:51 /api/plants/search ....................................................................... ~ 2s
  2026-04-03 10:33:53 /api/plants/search ....................................................................... ~ 2s
  2026-04-03 10:33:53 /api/plants/search ....................................................................... ~ 3s
  2026-04-03 10:34:07 /api/plants/search ................................................................. ~ 514.60ms
  2026-04-03 10:34:13 /api/plots/1/plants ...................................................................... ~ 2s
  2026-04-03 10:34:16 /api/plants/search ....................................................................... ~ 2s
  2026-04-03 10:34:22 /api/plots ............................................................................... ~ 1s
  2026-04-03 10:34:22 /api/plots ......................................................................... ~ 501.59ms
  2026-04-03 10:34:23 /api/plots/1 ....................................................................... ~ 516.78ms
  2026-04-03 10:34:23 /api/plots/1/calendars ................................................................... ~ 1s
  2026-04-03 10:34:24 /api/plots/1 ......................................................................... ~ 0.32ms
  2026-04-03 10:34:24 /api/plots/1/calendars ............................................................. ~ 526.79ms
  2026-04-03 10:34:29 /api/plots/1/calendars ................................................................... ~ 2s
  2026-04-03 10:34:31 /api/plots/1/calendars/1 ........................................................... ~ 511.84ms
  2026-04-03 10:34:31 /api/calendars/1/tasks ............................................................. ~ 507.21ms
  2026-04-03 10:54:26 /api/plots ............................................................................... ~ 1s
  2026-04-03 10:54:26 /api/me .................................................................................. ~ 1s
  2026-04-03 10:54:27 /api/plots ............................................................................... ~ 1s
  2026-04-03 10:54:28 /api/plots/1/calendars ................................................................... ~ 1s
  2026-04-03 10:54:28 /api/plots/1 ....................................................................... ~ 524.82ms
  2026-04-03 10:54:28 /api/me ............................................................................ ~ 509.45ms
  2026-04-03 10:54:29 /api/plots/1/calendars ............................................................. ~ 509.91ms
  2026-04-03 10:54:29 /api/plots/1 ....................................................................... ~ 504.62ms
  2026-04-03 10:54:29 /api/plots/1/calendars/1 ................................................................. ~ 1s
  2026-04-03 10:54:30 /api/calendars/1/tasks ................................................................... ~ 1s
  2026-04-03 10:56:31 /api/plots ......................................................................... ~ 503.85ms
  2026-04-03 10:56:31 /api/plots/1 ....................................................................... ~ 513.00ms
  2026-04-03 10:56:31 /api/plots/1/calendars ................................................................... ~ 1s
  2026-04-03 10:56:33 /api/inventory ..................................................................... ~ 504.03ms
  2026-04-03 10:56:33 /api/plots/1/calendars/1 ................................................................. ~ 1s
  2026-04-03 10:56:33 /api/calendars/1/tasks ................................................................... ~ 1s
