[2m10:52:45 AM[22m [31m[1m[vite][22m[39m [31m[2m(client)[22m[39m Pre-transform error: Failed to resolve import "./pages/user/AccountPage.jsx" from "src/App.jsx". Does the file exist?
  Plugin: [35mvite:import-analysis[39m
  File: [36mC:/Users/Vartotojas/Desktop/PraktikaADIS/Realizacija_v2/frontend/src/App.jsx[39m:16:24
[33m  14 |  import PlotHistoryPage from "./pages/plot/PlotHistoryPage.jsx";
  15 |  import PlotsPage from "./pages/plot/PlotsPage.jsx";
  16 |  import AccountPage from "./pages/user/AccountPage.jsx";
     |                           ^
  17 |  import DashboardPage from "./pages/user/DashboardPage.jsx";
  18 |  import ForgotPasswordPage from "./pages/user/ForgotPasswordPage.jsx";[39m
[2m10:52:45 AM[22m [31m[1m[vite][22m[39m [31mInternal server error: Failed to resolve import "./pages/user/AccountPage.jsx" from "src/App.jsx". Does the file exist?[39m
  Plugin: [35mvite:import-analysis[39m
  File: [36mC:/Users/Vartotojas/Desktop/PraktikaADIS/Realizacija_v2/frontend/src/App.jsx[39m:16:24
[33m  14 |  import PlotHistoryPage from "./pages/plot/PlotHistoryPage.jsx";
  15 |  import PlotsPage from "./pages/plot/PlotsPage.jsx";
  16 |  import AccountPage from "./pages/user/AccountPage.jsx";
     |                           ^
  17 |  import DashboardPage from "./pages/user/DashboardPage.jsx";
  18 |  import ForgotPasswordPage from "./pages/user/ForgotPasswordPage.jsx";[39m
      at TransformPluginContext._formatLog (file:///C:/Users/Vartotojas/Desktop/PraktikaADIS/Realizacija_v2/frontend/node_modules/vite/dist/node/chunks/node.js:30234:39)
      at TransformPluginContext.error (file:///C:/Users/Vartotojas/Desktop/PraktikaADIS/Realizacija_v2/frontend/node_modules/vite/dist/node/chunks/node.js:30231:14)
      at normalizeUrl (file:///C:/Users/Vartotojas/Desktop/PraktikaADIS/Realizacija_v2/frontend/node_modules/vite/dist/node/chunks/node.js:27519:18)
      at async file:///C:/Users/Vartotojas/Desktop/PraktikaADIS/Realizacija_v2/frontend/node_modules/vite/dist/node/chunks/node.js:27582:30
      at async Promise.all (index 15)
      at async TransformPluginContext.transform (file:///C:/Users/Vartotojas/Desktop/PraktikaADIS/Realizacija_v2/frontend/node_modules/vite/dist/node/chunks/node.js:27550:4)
      at async EnvironmentPluginContainer.transform (file:///C:/Users/Vartotojas/Desktop/PraktikaADIS/Realizacija_v2/frontend/node_modules/vite/dist/node/chunks/node.js:30023:14)
      at async loadAndTransform (file:///C:/Users/Vartotojas/Desktop/PraktikaADIS/Realizacija_v2/frontend/node_modules/vite/dist/node/chunks/node.js:24152:26)
[2m10:52:45 AM[22m [31m[1m[vite][22m[39m [31m[2m(client)[22m[39m [31m[Unhandled error] [1mError[22m: useAuth must be used within AuthProvider.
[39m > useAuth src/context/AuthContext.jsx:119:38
    117 |    }, [authState])
    118 |  
    119 |    return <AuthContext.Provider value={value}>{children}</AuthContext.Provider>
        |                                        ^
    120 |  }
    121 |  
 > AppShell src/components/layout/AppShell.jsx:7:39
 > Object.react_stack_bottom_frame node_modules/react-dom/cjs/react-dom-client.development.js:25904:19
 > renderWithHooks node_modules/react-dom/cjs/react-dom-client.development.js:7662:21
 > updateFunctionComponent node_modules/react-dom/cjs/react-dom-client.development.js:10166:18
 > beginWork node_modules/react-dom/cjs/react-dom-client.development.js:11778:17
 > runWithFiberInDEV node_modules/react-dom/cjs/react-dom-client.development.js:871:29
 > performUnitOfWork node_modules/react-dom/cjs/react-dom-client.development.js:17641:21
 > workLoopSync node_modules/react-dom/cjs/react-dom-client.development.js:17469:40
 > renderRootSync node_modules/react-dom/cjs/react-dom-client.development.js:17450:10

[2m10:52:45 AM[22m [33m[1m[vite][22m[39m [33m[2m(client)[22m[39m [2m[console.warn] [22mAn error occurred in the <AppShell> component.

Consider adding an error boundary to your tree to customize error handling behavior.
Visit https://react.dev/link/error-boundaries to learn more about error boundaries.

[2m10:52:45 AM[22m [31m[1m[vite][22m[39m [31m[2m(client)[22m[39m [2m[console.error] [22m[vite] Failed to reload /src/App.jsx. This could be due to syntax errors or importing non-existent modules. (see errors above)
[2m10:52:46 AM[22m [31m[1m[vite][22m[39m [31m[2m(client)[22m[39m [31m[Unhandled error] [1mError[22m: useAuth must be used within AuthProvider.
[39m > useAuth src/context/AuthContext.jsx:119:38
    117 |    }, [authState])
    118 |  
    119 |    return <AuthContext.Provider value={value}>{children}</AuthContext.Provider>
        |                                        ^
    120 |  }
    121 |  
 > AppShell src/components/layout/AppShell.jsx:7:39
 > Object.react_stack_bottom_frame node_modules/react-dom/cjs/react-dom-client.development.js:25904:19
 > renderWithHooks node_modules/react-dom/cjs/react-dom-client.development.js:7662:21
 > updateFunctionComponent node_modules/react-dom/cjs/react-dom-client.development.js:10166:18
 > beginWork node_modules/react-dom/cjs/react-dom-client.development.js:11778:17
 > runWithFiberInDEV node_modules/react-dom/cjs/react-dom-client.development.js:871:29
 > performUnitOfWork node_modules/react-dom/cjs/react-dom-client.development.js:17641:21
 > workLoopSync node_modules/react-dom/cjs/react-dom-client.development.js:17469:40
 > renderRootSync node_modules/react-dom/cjs/react-dom-client.development.js:17450:10

[2m10:52:46 AM[22m [33m[1m[vite][22m[39m [33m[2m(client)[22m[39m [2m[console.warn] [22mAn error occurred in the <AppShell> component.

Consider adding an error boundary to your tree to customize error handling behavior.
Visit https://react.dev/link/error-boundaries to learn more about error boundaries.

[2m10:52:46 AM[22m [31m[1m[vite][22m[39m [31m[2m(client)[22m[39m Pre-transform error: Failed to resolve import "./pages/plot/PlotHarvestsPage.jsx" from "src/App.jsx". Does the file exist?
  Plugin: [35mvite:import-analysis[39m
  File: [36mC:/Users/Vartotojas/Desktop/PraktikaADIS/Realizacija_v2/frontend/src/App.jsx[39m:13:29
[33m  11 |  import PlotDetailPage from "./pages/plot/PlotDetailPage.jsx";
  12 |  import PlotEditPage from "./pages/plot/PlotEditPage.jsx";
  13 |  import PlotHarvestsPage from "./pages/plot/PlotHarvestsPage.jsx";
     |                                ^
  14 |  import PlotHistoryPage from "./pages/plot/PlotHistoryPage.jsx";
  15 |  import PlotsPage from "./pages/plot/PlotsPage.jsx";[39m
[2m10:52:46 AM[22m [31m[1m[vite][22m[39m [31m[2m(client)[22m[39m Pre-transform error: Failed to resolve import "./pages/plot/PlotHarvestsPage.jsx" from "src/App.jsx". Does the file exist?
  Plugin: [35mvite:import-analysis[39m
  File: [36mC:/Users/Vartotojas/Desktop/PraktikaADIS/Realizacija_v2/frontend/src/App.jsx[39m:13:29
[33m  11 |  import PlotDetailPage from "./pages/plot/PlotDetailPage.jsx";
  12 |  import PlotEditPage from "./pages/plot/PlotEditPage.jsx";
  13 |  import PlotHarvestsPage from "./pages/plot/PlotHarvestsPage.jsx";
     |                                ^
  14 |  import PlotHistoryPage from "./pages/plot/PlotHistoryPage.jsx";
  15 |  import PlotsPage from "./pages/plot/PlotsPage.jsx";[39m
[2m10:52:46 AM[22m [31m[1m[vite][22m[39m [31m[2m(client)[22m[39m Pre-transform error: Failed to resolve import "./pages/plot/PlotHarvestsPage.jsx" from "src/App.jsx". Does the file exist?
  Plugin: [35mvite:import-analysis[39m
  File: [36mC:/Users/Vartotojas/Desktop/PraktikaADIS/Realizacija_v2/frontend/src/App.jsx[39m:13:29
[33m  11 |  import PlotDetailPage from "./pages/plot/PlotDetailPage.jsx";
  12 |  import PlotEditPage from "./pages/plot/PlotEditPage.jsx";
  13 |  import PlotHarvestsPage from "./pages/plot/PlotHarvestsPage.jsx";
     |                                ^
  14 |  import PlotHistoryPage from "./pages/plot/PlotHistoryPage.jsx";
  15 |  import PlotsPage from "./pages/plot/PlotsPage.jsx";[39m
[2m10:52:46 AM[22m [31m[1m[vite][22m[39m [31mInternal server error: Failed to resolve import "./pages/plot/PlotHarvestsPage.jsx" from "src/App.jsx". Does the file exist?[39m
  Plugin: [35mvite:import-analysis[39m
  File: [36mC:/Users/Vartotojas/Desktop/PraktikaADIS/Realizacija_v2/frontend/src/App.jsx[39m:13:29
[33m  11 |  import PlotDetailPage from "./pages/plot/PlotDetailPage.jsx";
  12 |  import PlotEditPage from "./pages/plot/PlotEditPage.jsx";
  13 |  import PlotHarvestsPage from "./pages/plot/PlotHarvestsPage.jsx";
     |                                ^
  14 |  import PlotHistoryPage from "./pages/plot/PlotHistoryPage.jsx";
  15 |  import PlotsPage from "./pages/plot/PlotsPage.jsx";[39m
      at TransformPluginContext._formatLog (file:///C:/Users/Vartotojas/Desktop/PraktikaADIS/Realizacija_v2/frontend/node_modules/vite/dist/node/chunks/node.js:30234:39)
      at TransformPluginContext.error (file:///C:/Users/Vartotojas/Desktop/PraktikaADIS/Realizacija_v2/frontend/node_modules/vite/dist/node/chunks/node.js:30231:14)
      at normalizeUrl (file:///C:/Users/Vartotojas/Desktop/PraktikaADIS/Realizacija_v2/frontend/node_modules/vite/dist/node/chunks/node.js:27519:18)
      at async file:///C:/Users/Vartotojas/Desktop/PraktikaADIS/Realizacija_v2/frontend/node_modules/vite/dist/node/chunks/node.js:27582:30
      at async Promise.all (index 12)
      at async TransformPluginContext.transform (file:///C:/Users/Vartotojas/Desktop/PraktikaADIS/Realizacija_v2/frontend/node_modules/vite/dist/node/chunks/node.js:27550:4)
      at async EnvironmentPluginContainer.transform (file:///C:/Users/Vartotojas/Desktop/PraktikaADIS/Realizacija_v2/frontend/node_modules/vite/dist/node/chunks/node.js:30023:14)
      at async loadAndTransform (file:///C:/Users/Vartotojas/Desktop/PraktikaADIS/Realizacija_v2/frontend/node_modules/vite/dist/node/chunks/node.js:24152:26)
^C